<?xml version="1.0" encoding="UTF-8"?>
<testsuite xmlns:xsi="http://www.w3.org/2001/XMLSchema-instance" xsi:noNamespaceSchemaLocation="https://maven.apache.org/surefire/maven-surefire-plugin/xsd/surefire-test-report-3.0.xsd" version="3.0" name="com.test.mbb.MbbApplicationTests" time="6.912" tests="1" errors="0" skipped="0" failures="0">
  <properties>
[...]
</properties>
  <testcase name="contextLoads" classname="com.test.mbb.MbbApplicationTests" time="2.249">
    <system-out><![CDATA[13:03:56.684 [main] INFO org.springframework.test.context.support.AnnotationConfigContextLoaderUtils -- Could not detect default configuration classes for test class [com.test.mbb.MbbApplicationTests]: MbbApplicationTests does not declare any static, non-private, non-final, nested classes annotated with @Configuration.
13:03:56.930 [main] INFO org.springframework.boot.test.context.SpringBootTestContextBootstrapper -- Found @SpringBootConfiguration com.test.mbb.MbbApplication for test class com.test.mbb.MbbApplicationTests

  .   ____          _            __ _ _
 /\\ / ___'_ __ _ _(_)_ __  __ _ \ \ \ \
( ( )\___ | '_ | '_| | '_ \/ _` | \ \ \ \
 \\/  ___)| |_)| | | | | || (_| |  ) ) ) )
  '  |____| .__|_| |_|_| |_\__, | / / / /
 =========|_|==============|___/=/_/_/_/
 :: Spring Boot ::                (v3.2.4)

2024-04-02T13:03:57.935+08:00  INFO 26124 --- [mbb] [           main] com.test.mbb.MbbApplicationTests         : Starting MbbApplicationTests using Java 17.0.9 with PID 26124 (started by CoherentPlus in D:\Document_Lee\MBB\mbb)
2024-04-02T13:03:57.938+08:00  INFO 26124 --- [mbb] [           main] com.test.mbb.MbbApplicationTests         : No active profile set, falling back to 1 default profile: "default"
2024-04-02T13:04:00.890+08:00  INFO 26124 --- [mbb] [           main] com.test.mbb.MbbApplicationTests         : Started MbbApplicationTests in 3.582 seconds (process running for 5.814)
]]></system-out>
  </testcase>
</testsuite>